<?xml version="1.0" encoding="UTF-8"?>
<!-- Generated by org.testng.reporters.JUnitReportReporter -->
<testsuite hostname="DESKTOP-TMC2Q25" failures="0" tests="1" name="Hachion.MavenAutomation.ChomeTest" time="10.105" errors="0" timestamp="2022-04-22T09:26:20 CDT" skipped="0">
  <testcase classname="Hachion.MavenAutomation.ChomeTest" name="chromeinvoke" time="10.105"/>
  <system-out/>
</testsuite> <!-- Hachion.MavenAutomation.ChomeTest -->
